<?xml version="1.0" encoding="UTF-8"?>
<!-- Generated by org.testng.reporters.JUnitReportReporter -->
<testsuite skipped="0" hostname="ASHISH-DESKTOP" name="ObjectRepository.AllTests" tests="4" failures="0" timestamp="30 Sep 2018 14:46:17 GMT" time="114.043" errors="0">
  <testcase name="FirstE2E" time="23.736" classname="ObjectRepository.AllTests"/>
  <testcase name="SecondE2E" time="27.146" classname="ObjectRepository.AllTests"/>
  <testcase name="LastE2E" time="35.422" classname="ObjectRepository.AllTests"/>
  <testcase name="AdditionalTest" time="27.739" classname="ObjectRepository.AllTests"/>
</testsuite> <!-- ObjectRepository.AllTests -->
